<?xml version="1.0" encoding="UTF-8"?>
<testsuite xmlns:xsi="http://www.w3.org/2001/XMLSchema-instance" xsi:noNamespaceSchemaLocation="https://maven.apache.org/surefire/maven-surefire-plugin/xsd/surefire-test-report-3.0.xsd" version="3.0" name="burgers.Burger_Restaurant.Order.OrderTest" time="0.05" tests="34" errors="0" skipped="0" failures="0">
  <properties>
[...]
</properties>
  <testcase name="shouldRemoveProductsInOrder" classname="burgers.Burger_Restaurant.Order.OrderTest" time="0.003"/>
  <testcase name="shouldNotCreateOrderWithInvalidProduct" classname="burgers.Burger_Restaurant.Order.OrderTest" time="0">
    <system-out><![CDATA[Exception: Unauthorised burger
]]></system-out>
  </testcase>
  <testcase name="shouldAddProductsToOrder" classname="burgers.Burger_Restaurant.Order.OrderTest" time="0.001"/>
  <testcase name="shouldNotRemoveProductsInOrder" classname="burgers.Burger_Restaurant.Order.OrderTest" time="0.001"/>
  <testcase name="shouldMakeCustomBurger" classname="burgers.Burger_Restaurant.Order.OrderTest" time="0.001"/>
  <testcase name="shouldNotCreateOrder" classname="burgers.Burger_Restaurant.Order.OrderTest" time="0.001"/>
  <testcase name="shouldCreateOrder(int)[1]" classname="burgers.Burger_Restaurant.Order.OrderTest" time="0.002"/>
  <testcase name="shouldCreateOrder(int)[2]" classname="burgers.Burger_Restaurant.Order.OrderTest" time="0.001"/>
  <testcase name="shouldCreateOrder(int)[3]" classname="burgers.Burger_Restaurant.Order.OrderTest" time="0"/>
  <testcase name="shouldCreateOrder(int)[4]" classname="burgers.Burger_Restaurant.Order.OrderTest" time="0.001"/>
  <testcase name="shouldCreateOrder(int)[5]" classname="burgers.Burger_Restaurant.Order.OrderTest" time="0"/>
  <testcase name="shouldCreateOrder(int)[6]" classname="burgers.Burger_Restaurant.Order.OrderTest" time="0.001"/>
  <testcase name="shouldCreateOrder(int)[7]" classname="burgers.Burger_Restaurant.Order.OrderTest" time="0"/>
  <testcase name="shouldCreateOrder(int)[8]" classname="burgers.Burger_Restaurant.Order.OrderTest" time="0"/>
  <testcase name="shouldCreateOrder(int)[9]" classname="burgers.Burger_Restaurant.Order.OrderTest" time="0"/>
  <testcase name="shouldCreateOrder(int)[10]" classname="burgers.Burger_Restaurant.Order.OrderTest" time="0"/>
  <testcase name="shouldCreateOrder(int)[11]" classname="burgers.Burger_Restaurant.Order.OrderTest" time="0"/>
  <testcase name="shouldCreateOrder(int)[12]" classname="burgers.Burger_Restaurant.Order.OrderTest" time="0.001"/>
  <testcase name="shouldCreateOrder(int)[13]" classname="burgers.Burger_Restaurant.Order.OrderTest" time="0.001"/>
  <testcase name="shouldCreateOrder(int)[14]" classname="burgers.Burger_Restaurant.Order.OrderTest" time="0"/>
  <testcase name="shouldCreateOrder(int)[15]" classname="burgers.Burger_Restaurant.Order.OrderTest" time="0"/>
  <testcase name="shouldCreateOrder(int)[16]" classname="burgers.Burger_Restaurant.Order.OrderTest" time="0"/>
  <testcase name="shouldCreateOrder(int)[17]" classname="burgers.Burger_Restaurant.Order.OrderTest" time="0.001"/>
  <testcase name="shouldCreateOrder(int)[18]" classname="burgers.Burger_Restaurant.Order.OrderTest" time="0"/>
  <testcase name="shouldCreateOrder(int)[19]" classname="burgers.Burger_Restaurant.Order.OrderTest" time="0"/>
  <testcase name="shouldCreateOrder(int)[20]" classname="burgers.Burger_Restaurant.Order.OrderTest" time="0"/>
  <testcase name="shouldCreateOrder(int)[21]" classname="burgers.Burger_Restaurant.Order.OrderTest" time="0"/>
  <testcase name="shouldCreateOrder(int)[22]" classname="burgers.Burger_Restaurant.Order.OrderTest" time="0"/>
  <testcase name="shouldCreateOrder(int)[23]" classname="burgers.Burger_Restaurant.Order.OrderTest" time="0"/>
  <testcase name="shouldCreateOrder(int)[24]" classname="burgers.Burger_Restaurant.Order.OrderTest" time="0"/>
  <testcase name="shouldCreateOrder(int)[25]" classname="burgers.Burger_Restaurant.Order.OrderTest" time="0.001"/>
  <testcase name="shouldCreateOrder(int)[26]" classname="burgers.Burger_Restaurant.Order.OrderTest" time="0.001"/>
  <testcase name="ordersShouldHaveDifferentId" classname="burgers.Burger_Restaurant.Order.OrderTest" time="0.002"/>
  <testcase name="shouldNotAddProductsToOrder" classname="burgers.Burger_Restaurant.Order.OrderTest" time="0.001"/>
</testsuite>